<?xml version="1.0" encoding="UTF-8"?>
<testsuite name="com.jdbridge.e2e.FullFlowE2ETest" tests="5" skipped="0" failures="0" errors="0" timestamp="2026-05-10T04:33:34" hostname="Richards-MacBook-M3-Max.local" time="4.317">
  <properties/>
  <testcase name="minimal payload E2E reaches complete()" classname="com.jdbridge.e2e.FullFlowE2ETest" time="1.161"/>
  <testcase name="full happy-path flow mirrors Chrome extension usage()" classname="com.jdbridge.e2e.FullFlowE2ETest" time="0.539"/>
  <testcase name="score-too-low flow results in error with score in message()" classname="com.jdbridge.e2e.FullFlowE2ETest" time="0.535"/>
  <testcase name="three concurrent jobs all complete with distinct artifact paths()" classname="com.jdbridge.e2e.FullFlowE2ETest" time="1.558"/>
  <testcase name="subprocess failure flow results in error with non-empty message()" classname="com.jdbridge.e2e.FullFlowE2ETest" time="0.522"/>
  <system-out><![CDATA[2026-05-09 21:33:34 [INFO] com.jdbridge.Store: Store initialised at /var/folders/0r/rr97q87j4pn7ppz6_bq78s2c0000gn/T/jd-bridge-test-9510988836059924410/jobs.db
2026-05-09 21:33:34 [INFO] ktor.test: No ktor.deployment.watch patterns specified, automatic reload is not active.
2026-05-09 21:33:34 [INFO] ktor.test: Application started in 0.02 seconds.
2026-05-09 21:33:34 [INFO] ktor.test: Responding at http://localhost:80
2026-05-09 21:33:34 [INFO] ktor.test: Responding at https://localhost:443
2026-05-09 21:33:34 [INFO] com.jdbridge.Store: Store initialised at /var/folders/0r/rr97q87j4pn7ppz6_bq78s2c0000gn/T/jd-bridge-test-9510988836059924410/jobs.db
2026-05-09 21:33:34 [INFO] ktor.test: jd-bridge ready. Artifacts at /var/folders/0r/rr97q87j4pn7ppz6_bq78s2c0000gn/T/jd-bridge-test-9510988836059924410/jobs
2026-05-09 21:33:35 [INFO] com.jdbridge.Routes: Job accepted: fb314ebf-cc80-449e-acbd-4f52434ecb3e (null @ null)
2026-05-09 21:33:35 [INFO] com.jdbridge.Pipeline: [fb314ebf-cc80-449e-acbd-4f52434ecb3e] summary: {"output_path":"/var/folders/0r/rr97q87j4pn7ppz6_bq78s2c0000gn/T/jd-bridge-test-9510988836059924410/jobs/fb314ebf-cc80-449e-acbd-4f52434ecb3e/e2e_output_1778387615211763000","fit_score":82,"pipeline_action":"tailor","error":""}
2026-05-09 21:33:35 [INFO] com.jdbridge.Pipeline: [fb314ebf-cc80-449e-acbd-4f52434ecb3e] pipeline complete → /var/folders/0r/rr97q87j4pn7ppz6_bq78s2c0000gn/T/jd-bridge-test-9510988836059924410/jobs/fb314ebf-cc80-449e-acbd-4f52434ecb3e
2026-05-09 21:33:35 [INFO] com.jdbridge.Store: Store initialised at /var/folders/0r/rr97q87j4pn7ppz6_bq78s2c0000gn/T/jd-bridge-test-9255093160288235791/jobs.db
2026-05-09 21:33:35 [INFO] ktor.test: No ktor.deployment.watch patterns specified, automatic reload is not active.
2026-05-09 21:33:35 [INFO] ktor.test: Application started in 0.001 seconds.
2026-05-09 21:33:35 [INFO] ktor.test: Responding at http://localhost:80
2026-05-09 21:33:35 [INFO] ktor.test: Responding at https://localhost:443
2026-05-09 21:33:35 [INFO] com.jdbridge.Store: Store initialised at /var/folders/0r/rr97q87j4pn7ppz6_bq78s2c0000gn/T/jd-bridge-test-9255093160288235791/jobs.db
2026-05-09 21:33:35 [INFO] ktor.test: jd-bridge ready. Artifacts at /var/folders/0r/rr97q87j4pn7ppz6_bq78s2c0000gn/T/jd-bridge-test-9255093160288235791/jobs
2026-05-09 21:33:35 [INFO] com.jdbridge.Routes: Job accepted: ba378388-2df6-4502-8a7d-818ee88fec36 (Staff SDET @ Acme Corp)
2026-05-09 21:33:35 [INFO] com.jdbridge.Pipeline: [ba378388-2df6-4502-8a7d-818ee88fec36] summary: {"output_path":"/var/folders/0r/rr97q87j4pn7ppz6_bq78s2c0000gn/T/jd-bridge-test-9255093160288235791/jobs/ba378388-2df6-4502-8a7d-818ee88fec36/e2e_output_1778387615696434000","fit_score":82,"pipeline_action":"tailor","error":""}
2026-05-09 21:33:35 [INFO] com.jdbridge.Pipeline: [ba378388-2df6-4502-8a7d-818ee88fec36] pipeline complete → /var/folders/0r/rr97q87j4pn7ppz6_bq78s2c0000gn/T/jd-bridge-test-9255093160288235791/jobs/ba378388-2df6-4502-8a7d-818ee88fec36
2026-05-09 21:33:36 [INFO] com.jdbridge.Store: Store initialised at /var/folders/0r/rr97q87j4pn7ppz6_bq78s2c0000gn/T/jd-bridge-test-3066828592220253172/jobs.db
2026-05-09 21:33:36 [INFO] ktor.test: No ktor.deployment.watch patterns specified, automatic reload is not active.
2026-05-09 21:33:36 [INFO] ktor.test: Application started in 0.0 seconds.
2026-05-09 21:33:36 [INFO] ktor.test: Responding at http://localhost:80
2026-05-09 21:33:36 [INFO] ktor.test: Responding at https://localhost:443
2026-05-09 21:33:36 [INFO] com.jdbridge.Store: Store initialised at /var/folders/0r/rr97q87j4pn7ppz6_bq78s2c0000gn/T/jd-bridge-test-3066828592220253172/jobs.db
2026-05-09 21:33:36 [INFO] ktor.test: jd-bridge ready. Artifacts at /var/folders/0r/rr97q87j4pn7ppz6_bq78s2c0000gn/T/jd-bridge-test-3066828592220253172/jobs
2026-05-09 21:33:36 [INFO] com.jdbridge.Routes: Job accepted: 63d491e8-e648-41e0-827b-b03fffd9462a (null @ null)
2026-05-09 21:33:36 [INFO] com.jdbridge.Pipeline: [63d491e8-e648-41e0-827b-b03fffd9462a] summary: {"output_path":"/tmp","fit_score":40,"pipeline_action":"skip","error":""}
2026-05-09 21:33:36 [INFO] com.jdbridge.Store: Store initialised at /var/folders/0r/rr97q87j4pn7ppz6_bq78s2c0000gn/T/jd-bridge-test-7332464112582697392/jobs.db
2026-05-09 21:33:36 [INFO] ktor.test: No ktor.deployment.watch patterns specified, automatic reload is not active.
2026-05-09 21:33:36 [INFO] ktor.test: Application started in 0.001 seconds.
2026-05-09 21:33:36 [INFO] ktor.test: Responding at http://localhost:80
2026-05-09 21:33:36 [INFO] ktor.test: Responding at https://localhost:443
2026-05-09 21:33:36 [INFO] com.jdbridge.Store: Store initialised at /var/folders/0r/rr97q87j4pn7ppz6_bq78s2c0000gn/T/jd-bridge-test-7332464112582697392/jobs.db
2026-05-09 21:33:36 [INFO] ktor.test: jd-bridge ready. Artifacts at /var/folders/0r/rr97q87j4pn7ppz6_bq78s2c0000gn/T/jd-bridge-test-7332464112582697392/jobs
2026-05-09 21:33:36 [INFO] com.jdbridge.Routes: Job accepted: 5e3cc9d3-4814-4964-b827-06f1b1e4bc86 (null @ Company1)
2026-05-09 21:33:36 [INFO] com.jdbridge.Routes: Job accepted: 6de4ae44-ce23-40f8-8ada-f659f02323da (null @ Company2)
2026-05-09 21:33:36 [INFO] com.jdbridge.Routes: Job accepted: 8e199229-16c3-4b7e-9a45-ba38ddacabfb (null @ Company3)
2026-05-09 21:33:36 [INFO] com.jdbridge.Pipeline: [5e3cc9d3-4814-4964-b827-06f1b1e4bc86] summary: {"output_path":"/var/folders/0r/rr97q87j4pn7ppz6_bq78s2c0000gn/T/jd-bridge-test-7332464112582697392/jobs/5e3cc9d3-4814-4964-b827-06f1b1e4bc86/e2e_output_1778387616785652000","fit_score":82,"pipeline_action":"tailor","error":""}
2026-05-09 21:33:36 [INFO] com.jdbridge.Pipeline: [6de4ae44-ce23-40f8-8ada-f659f02323da] summary: {"output_path":"/var/folders/0r/rr97q87j4pn7ppz6_bq78s2c0000gn/T/jd-bridge-test-7332464112582697392/jobs/6de4ae44-ce23-40f8-8ada-f659f02323da/e2e_output_1778387616785668000","fit_score":82,"pipeline_action":"tailor","error":""}
2026-05-09 21:33:36 [INFO] com.jdbridge.Pipeline: [8e199229-16c3-4b7e-9a45-ba38ddacabfb] summary: {"output_path":"/var/folders/0r/rr97q87j4pn7ppz6_bq78s2c0000gn/T/jd-bridge-test-7332464112582697392/jobs/8e199229-16c3-4b7e-9a45-ba38ddacabfb/e2e_output_1778387616785642000","fit_score":82,"pipeline_action":"tailor","error":""}
2026-05-09 21:33:36 [INFO] com.jdbridge.Pipeline: [5e3cc9d3-4814-4964-b827-06f1b1e4bc86] pipeline complete → /var/folders/0r/rr97q87j4pn7ppz6_bq78s2c0000gn/T/jd-bridge-test-7332464112582697392/jobs/5e3cc9d3-4814-4964-b827-06f1b1e4bc86
2026-05-09 21:33:36 [INFO] com.jdbridge.Pipeline: [8e199229-16c3-4b7e-9a45-ba38ddacabfb] pipeline complete → /var/folders/0r/rr97q87j4pn7ppz6_bq78s2c0000gn/T/jd-bridge-test-7332464112582697392/jobs/8e199229-16c3-4b7e-9a45-ba38ddacabfb
2026-05-09 21:33:36 [INFO] com.jdbridge.Pipeline: [6de4ae44-ce23-40f8-8ada-f659f02323da] pipeline complete → /var/folders/0r/rr97q87j4pn7ppz6_bq78s2c0000gn/T/jd-bridge-test-7332464112582697392/jobs/6de4ae44-ce23-40f8-8ada-f659f02323da
2026-05-09 21:33:38 [INFO] com.jdbridge.Store: Store initialised at /var/folders/0r/rr97q87j4pn7ppz6_bq78s2c0000gn/T/jd-bridge-test-1748880781647936597/jobs.db
2026-05-09 21:33:38 [INFO] ktor.test: No ktor.deployment.watch patterns specified, automatic reload is not active.
2026-05-09 21:33:38 [INFO] ktor.test: Application started in 0.001 seconds.
2026-05-09 21:33:38 [INFO] ktor.test: Responding at http://localhost:80
2026-05-09 21:33:38 [INFO] ktor.test: Responding at https://localhost:443
2026-05-09 21:33:38 [INFO] com.jdbridge.Store: Store initialised at /var/folders/0r/rr97q87j4pn7ppz6_bq78s2c0000gn/T/jd-bridge-test-1748880781647936597/jobs.db
2026-05-09 21:33:38 [INFO] ktor.test: jd-bridge ready. Artifacts at /var/folders/0r/rr97q87j4pn7ppz6_bq78s2c0000gn/T/jd-bridge-test-1748880781647936597/jobs
2026-05-09 21:33:38 [INFO] com.jdbridge.Routes: Job accepted: b597fcba-f774-4472-a967-8d52046d9062 (null @ null)
2026-05-09 21:33:38 [ERROR] com.jdbridge.Pipeline: [b597fcba-f774-4472-a967-8d52046d9062] jd-pipeline-kotlin exited 1: fatal error in pipeline
2026-05-09 21:33:38 [ERROR] com.jdbridge.Pipeline: [b597fcba-f774-4472-a967-8d52046d9062] pipeline failed
java.lang.RuntimeException: jd-pipeline-kotlin failed (exit 1): fatal error in pipeline
	at com.jdbridge.GradlePipelineRunner.execute(Pipeline.kt:107)
	at com.jdbridge.GradlePipelineRunner.access$execute(Pipeline.kt:45)
	at com.jdbridge.GradlePipelineRunner$execute$1.invokeSuspend(Pipeline.kt)
	at kotlin.coroutines.jvm.internal.BaseContinuationImpl.resumeWith(ContinuationImpl.kt:33)
	at kotlinx.coroutines.DispatchedTask.run(DispatchedTask.kt:104)
	at kotlinx.coroutines.scheduling.CoroutineScheduler.runSafely(CoroutineScheduler.kt:584)
	at kotlinx.coroutines.scheduling.CoroutineScheduler$Worker.executeTask(CoroutineScheduler.kt:811)
	at kotlinx.coroutines.scheduling.CoroutineScheduler$Worker.runWorker(CoroutineScheduler.kt:715)
	at kotlinx.coroutines.scheduling.CoroutineScheduler$Worker.run(CoroutineScheduler.kt:702)
]]></system-out>
  <system-err><![CDATA[]]></system-err>
</testsuite>
