<?xml version="1.0" encoding="UTF-8"?>
<testsuite name="com.jdbridge.unit.JobStatusValuesTest" tests="4" skipped="0" failures="0" errors="0" timestamp="2026-05-10T04:33:39" hostname="Richards-MacBook-M3-Max.local" time="0.002">
  <properties/>
  <testcase name="serialized status uses value string not name()" classname="com.jdbridge.unit.JobStatusValuesTest" time="0.0"/>
  <testcase name="fromValue round-trips all statuses()" classname="com.jdbridge.unit.JobStatusValuesTest" time="0.0"/>
  <testcase name="fromValue throws on unknown value()" classname="com.jdbridge.unit.JobStatusValuesTest" time="0.001"/>
  <testcase name="all status enum values are correct strings()" classname="com.jdbridge.unit.JobStatusValuesTest" time="0.0"/>
  <system-out><![CDATA[]]></system-out>
  <system-err><![CDATA[]]></system-err>
</testsuite>
