<?xml version="1.0" encoding="UTF-8"?>
<testsuite name="com.jdbridge.integration.HealthApiTest" tests="3" skipped="0" failures="0" errors="0" timestamp="2026-05-10T04:33:38" hostname="Richards-MacBook-M3-Max.local" time="0.029">
  <properties/>
  <testcase name="GET health Content-Type is application json()" classname="com.jdbridge.integration.HealthApiTest" time="0.019"/>
  <testcase name="GET health returns correct JSON body()" classname="com.jdbridge.integration.HealthApiTest" time="0.005"/>
  <testcase name="GET health returns 200()" classname="com.jdbridge.integration.HealthApiTest" time="0.004"/>
  <system-out><![CDATA[2026-05-09 21:33:38 [INFO] com.jdbridge.Store: Store initialised at /var/folders/0r/rr97q87j4pn7ppz6_bq78s2c0000gn/T/jd-bridge-test-12791602907465302647/jobs.db
2026-05-09 21:33:38 [INFO] ktor.test: No ktor.deployment.watch patterns specified, automatic reload is not active.
2026-05-09 21:33:38 [INFO] ktor.test: Application started in 0.0 seconds.
2026-05-09 21:33:38 [INFO] ktor.test: Responding at http://localhost:80
2026-05-09 21:33:38 [INFO] ktor.test: Responding at https://localhost:443
2026-05-09 21:33:38 [INFO] com.jdbridge.Store: Store initialised at /var/folders/0r/rr97q87j4pn7ppz6_bq78s2c0000gn/T/jd-bridge-test-12791602907465302647/jobs.db
2026-05-09 21:33:38 [INFO] ktor.test: jd-bridge ready. Artifacts at /var/folders/0r/rr97q87j4pn7ppz6_bq78s2c0000gn/T/jd-bridge-test-12791602907465302647/jobs
2026-05-09 21:33:38 [INFO] com.jdbridge.Store: Store initialised at /var/folders/0r/rr97q87j4pn7ppz6_bq78s2c0000gn/T/jd-bridge-test-13507846308746091192/jobs.db
2026-05-09 21:33:38 [INFO] ktor.test: No ktor.deployment.watch patterns specified, automatic reload is not active.
2026-05-09 21:33:38 [INFO] ktor.test: Application started in 0.0 seconds.
2026-05-09 21:33:38 [INFO] ktor.test: Responding at http://localhost:80
2026-05-09 21:33:38 [INFO] ktor.test: Responding at https://localhost:443
2026-05-09 21:33:38 [INFO] com.jdbridge.Store: Store initialised at /var/folders/0r/rr97q87j4pn7ppz6_bq78s2c0000gn/T/jd-bridge-test-13507846308746091192/jobs.db
2026-05-09 21:33:38 [INFO] ktor.test: jd-bridge ready. Artifacts at /var/folders/0r/rr97q87j4pn7ppz6_bq78s2c0000gn/T/jd-bridge-test-13507846308746091192/jobs
2026-05-09 21:33:38 [INFO] com.jdbridge.Store: Store initialised at /var/folders/0r/rr97q87j4pn7ppz6_bq78s2c0000gn/T/jd-bridge-test-16816825226486710696/jobs.db
2026-05-09 21:33:38 [INFO] ktor.test: No ktor.deployment.watch patterns specified, automatic reload is not active.
2026-05-09 21:33:38 [INFO] ktor.test: Application started in 0.0 seconds.
2026-05-09 21:33:38 [INFO] ktor.test: Responding at http://localhost:80
2026-05-09 21:33:38 [INFO] ktor.test: Responding at https://localhost:443
2026-05-09 21:33:38 [INFO] com.jdbridge.Store: Store initialised at /var/folders/0r/rr97q87j4pn7ppz6_bq78s2c0000gn/T/jd-bridge-test-16816825226486710696/jobs.db
2026-05-09 21:33:38 [INFO] ktor.test: jd-bridge ready. Artifacts at /var/folders/0r/rr97q87j4pn7ppz6_bq78s2c0000gn/T/jd-bridge-test-16816825226486710696/jobs
]]></system-out>
  <system-err><![CDATA[]]></system-err>
</testsuite>
