<?xml version="1.0" encoding="UTF-8"?>
<testsuite name="com.jdbridge.unit.PipelineCommandTest" tests="2" skipped="0" failures="0" errors="0" timestamp="2026-05-10T04:33:39" hostname="Richards-MacBook-M3-Max.local" time="0.011">
  <properties/>
  <testcase name="command includes gradlew run and jd-json-file flag()" classname="com.jdbridge.unit.PipelineCommandTest" time="0.006"/>
  <testcase name="working directory is set to pipeline dir()" classname="com.jdbridge.unit.PipelineCommandTest" time="0.005"/>
  <system-out><![CDATA[2026-05-09 21:33:39 [INFO] com.jdbridge.Store: Store initialised at /var/folders/0r/rr97q87j4pn7ppz6_bq78s2c0000gn/T/jd-bridge-test-7651594826282403903/jobs.db
2026-05-09 21:33:39 [INFO] com.jdbridge.Pipeline: [cmd-test-001] summary: {"output_path":"/var/folders/0r/rr97q87j4pn7ppz6_bq78s2c0000gn/T/junit11390296985537868662/output","fit_score":82.0,"pipeline_action":"tailor","error":""}
2026-05-09 21:33:39 [INFO] com.jdbridge.Pipeline: [cmd-test-001] No cover_letter.txt in output
2026-05-09 21:33:39 [INFO] com.jdbridge.Pipeline: [cmd-test-001] pipeline complete → /var/folders/0r/rr97q87j4pn7ppz6_bq78s2c0000gn/T/jd-bridge-test-7651594826282403903/jobs/cmd-test-001
2026-05-09 21:33:39 [INFO] com.jdbridge.Store: Store initialised at /var/folders/0r/rr97q87j4pn7ppz6_bq78s2c0000gn/T/jd-bridge-test-18310280507323000441/jobs.db
2026-05-09 21:33:39 [INFO] com.jdbridge.Pipeline: [wd-test-001] summary: {"output_path":"/var/folders/0r/rr97q87j4pn7ppz6_bq78s2c0000gn/T/junit13905937830465006289/output2","fit_score":82.0,"pipeline_action":"tailor","error":""}
2026-05-09 21:33:39 [INFO] com.jdbridge.Pipeline: [wd-test-001] No cover_letter.txt in output
2026-05-09 21:33:39 [INFO] com.jdbridge.Pipeline: [wd-test-001] pipeline complete → /var/folders/0r/rr97q87j4pn7ppz6_bq78s2c0000gn/T/jd-bridge-test-18310280507323000441/jobs/wd-test-001
]]></system-out>
  <system-err><![CDATA[]]></system-err>
</testsuite>
