<?xml version="1.0" encoding="UTF-8"?>
<testsuite name="com.jdbridge.unit.PipelineArtifactCopyTest" tests="4" skipped="0" failures="0" errors="0" timestamp="2026-05-10T04:33:39" hostname="Richards-MacBook-M3-Max.local" time="0.034">
  <properties/>
  <testcase name="float fit_score 82_7 is stored as int 82()" classname="com.jdbridge.unit.PipelineArtifactCopyTest" time="0.009"/>
  <testcase name="when multiple PDFs exist the first one by name is chosen()" classname="com.jdbridge.unit.PipelineArtifactCopyTest" time="0.007"/>
  <testcase name="first PDF in output dir is copied to resume_pdf()" classname="com.jdbridge.unit.PipelineArtifactCopyTest" time="0.007"/>
  <testcase name="absent cover_letter results in empty cover_letter_txt()" classname="com.jdbridge.unit.PipelineArtifactCopyTest" time="0.009"/>
  <system-out><![CDATA[2026-05-09 21:33:39 [INFO] com.jdbridge.Store: Store initialised at /var/folders/0r/rr97q87j4pn7ppz6_bq78s2c0000gn/T/jd-bridge-test-7877816723060860581/jobs.db
2026-05-09 21:33:39 [INFO] com.jdbridge.Pipeline: [art-003] summary: {"output_path":"/var/folders/0r/rr97q87j4pn7ppz6_bq78s2c0000gn/T/junit3988296914529612587/out3","fit_score":82.7,"pipeline_action":"tailor","error":""}
2026-05-09 21:33:39 [INFO] com.jdbridge.Pipeline: [art-003] No cover_letter.txt in output
2026-05-09 21:33:39 [INFO] com.jdbridge.Pipeline: [art-003] pipeline complete → /var/folders/0r/rr97q87j4pn7ppz6_bq78s2c0000gn/T/jd-bridge-test-7877816723060860581/jobs/art-003
2026-05-09 21:33:39 [INFO] com.jdbridge.Store: Store initialised at /var/folders/0r/rr97q87j4pn7ppz6_bq78s2c0000gn/T/jd-bridge-test-14640065253874452523/jobs.db
2026-05-09 21:33:39 [INFO] com.jdbridge.Pipeline: [art-multi-001] summary: {"output_path":"/var/folders/0r/rr97q87j4pn7ppz6_bq78s2c0000gn/T/junit6854946899514002605/out_multiple","fit_score":82.0,"pipeline_action":"tailor","error":""}
2026-05-09 21:33:39 [INFO] com.jdbridge.Pipeline: [art-multi-001] pipeline complete → /var/folders/0r/rr97q87j4pn7ppz6_bq78s2c0000gn/T/jd-bridge-test-14640065253874452523/jobs/art-multi-001
2026-05-09 21:33:39 [INFO] com.jdbridge.Store: Store initialised at /var/folders/0r/rr97q87j4pn7ppz6_bq78s2c0000gn/T/jd-bridge-test-9766781862413296473/jobs.db
2026-05-09 21:33:39 [INFO] com.jdbridge.Pipeline: [art-001] summary: {"output_path":"/var/folders/0r/rr97q87j4pn7ppz6_bq78s2c0000gn/T/junit6720535765317682346/out1","fit_score":82.0,"pipeline_action":"tailor","error":""}
2026-05-09 21:33:39 [INFO] com.jdbridge.Pipeline: [art-001] pipeline complete → /var/folders/0r/rr97q87j4pn7ppz6_bq78s2c0000gn/T/jd-bridge-test-9766781862413296473/jobs/art-001
2026-05-09 21:33:39 [INFO] com.jdbridge.Store: Store initialised at /var/folders/0r/rr97q87j4pn7ppz6_bq78s2c0000gn/T/jd-bridge-test-16925625185749129851/jobs.db
2026-05-09 21:33:39 [INFO] com.jdbridge.Pipeline: [art-002] summary: {"output_path":"/var/folders/0r/rr97q87j4pn7ppz6_bq78s2c0000gn/T/junit6868007842429090856/out2","fit_score":82.0,"pipeline_action":"tailor","error":""}
2026-05-09 21:33:39 [INFO] com.jdbridge.Pipeline: [art-002] No cover_letter.txt in output
2026-05-09 21:33:39 [INFO] com.jdbridge.Pipeline: [art-002] pipeline complete → /var/folders/0r/rr97q87j4pn7ppz6_bq78s2c0000gn/T/jd-bridge-test-16925625185749129851/jobs/art-002
]]></system-out>
  <system-err><![CDATA[]]></system-err>
</testsuite>
