<?xml version="1.0" encoding="UTF-8"?>
<testsuite name="com.jdbridge.unit.TailscaleIpResolutionTest" tests="3" skipped="0" failures="0" errors="0" timestamp="2026-05-10T04:33:40" hostname="Richards-MacBook-M3-Max.local" time="0.154">
  <properties/>
  <testcase name="resolveHost returns valid IP when tailscale is available()" classname="com.jdbridge.unit.TailscaleIpResolutionTest" time="0.122"/>
  <testcase name="resolveHost returns 127_0_0_1 when __tailscale__ sentinel used and tailscale not available()" classname="com.jdbridge.unit.TailscaleIpResolutionTest" time="0.031"/>
  <testcase name="resolveHost returns same IP when not tailscale sentinel()" classname="com.jdbridge.unit.TailscaleIpResolutionTest" time="0.0"/>
  <system-out><![CDATA[2026-05-09 21:33:40 [INFO] com.jdbridge.Application: Resolved Tailscale IP: 100.83.183.3
2026-05-09 21:33:40 [INFO] com.jdbridge.Application: Resolved Tailscale IP: 100.83.183.3
]]></system-out>
  <system-err><![CDATA[]]></system-err>
</testsuite>
