<?xml version="1.0" encoding="UTF-8"?>
<testsuite name="com.jdbridge.unit.JobStatusResponseSerializationTest" tests="4" skipped="0" failures="0" errors="0" timestamp="2026-05-10T04:33:39" hostname="Richards-MacBook-M3-Max.local" time="0.001">
  <properties/>
  <testcase name="null optional fields are omitted from JSON()" classname="com.jdbridge.unit.JobStatusResponseSerializationTest" time="0.0"/>
  <testcase name="complete response with all fields serializes correctly()" classname="com.jdbridge.unit.JobStatusResponseSerializationTest" time="0.001"/>
  <testcase name="SubmitJobResponse job_id survives round-trip()" classname="com.jdbridge.unit.JobStatusResponseSerializationTest" time="0.0"/>
  <testcase name="fit_score of 0 is not omitted()" classname="com.jdbridge.unit.JobStatusResponseSerializationTest" time="0.0"/>
  <system-out><![CDATA[]]></system-out>
  <system-err><![CDATA[]]></system-err>
</testsuite>
