<?xml version="1.0" encoding="UTF-8"?>
<testsuite name="com.jdbridge.unit.StoreCreateJobTest" tests="4" skipped="0" failures="0" errors="0" timestamp="2026-05-10T04:33:39" hostname="Richards-MacBook-M3-Max.local" time="0.019">
  <properties/>
  <testcase name="createJob sets created_at within 2 seconds of wall clock()" classname="com.jdbridge.unit.StoreCreateJobTest" time="0.006"/>
  <testcase name="createJob stores jd_json as non-null string()" classname="com.jdbridge.unit.StoreCreateJobTest" time="0.005"/>
  <testcase name="createJob inserts row with status queued()" classname="com.jdbridge.unit.StoreCreateJobTest" time="0.004"/>
  <testcase name="createJob stores title and company()" classname="com.jdbridge.unit.StoreCreateJobTest" time="0.004"/>
  <system-out><![CDATA[2026-05-09 21:33:39 [INFO] com.jdbridge.Store: Store initialised at /var/folders/0r/rr97q87j4pn7ppz6_bq78s2c0000gn/T/jd-bridge-test-2687868869255604570/jobs.db
2026-05-09 21:33:39 [INFO] com.jdbridge.Store: Store initialised at /var/folders/0r/rr97q87j4pn7ppz6_bq78s2c0000gn/T/jd-bridge-test-8076327636328315823/jobs.db
2026-05-09 21:33:39 [INFO] com.jdbridge.Store: Store initialised at /var/folders/0r/rr97q87j4pn7ppz6_bq78s2c0000gn/T/jd-bridge-test-1782091664805206134/jobs.db
2026-05-09 21:33:39 [INFO] com.jdbridge.Store: Store initialised at /var/folders/0r/rr97q87j4pn7ppz6_bq78s2c0000gn/T/jd-bridge-test-15644161646084790946/jobs.db
]]></system-out>
  <system-err><![CDATA[]]></system-err>
</testsuite>
