<?xml version="1.0" encoding="UTF-8"?>
<testsuite name="com.jdbridge.unit.JdJsonFieldRoundTripTest" tests="2" skipped="0" failures="0" errors="0" timestamp="2026-05-10T04:33:39" hostname="Richards-MacBook-M3-Max.local" time="0.02">
  <properties/>
  <testcase name="null location and job_url in jd_json are handled correctly()" classname="com.jdbridge.unit.JdJsonFieldRoundTripTest" time="0.016"/>
  <testcase name="location and job_url are preserved in jd_json round-trip()" classname="com.jdbridge.unit.JdJsonFieldRoundTripTest" time="0.003"/>
  <system-out><![CDATA[2026-05-09 21:33:39 [INFO] com.jdbridge.Store: Store initialised at /var/folders/0r/rr97q87j4pn7ppz6_bq78s2c0000gn/T/jd-bridge-test-14589231636988949014/jobs.db
2026-05-09 21:33:39 [INFO] com.jdbridge.Store: Store initialised at /var/folders/0r/rr97q87j4pn7ppz6_bq78s2c0000gn/T/jd-bridge-test-15808884696184606232/jobs.db
]]></system-out>
  <system-err><![CDATA[]]></system-err>
</testsuite>
