<?xml version="1.0" encoding="UTF-8"?>
<testsuite name="com.jdbridge.integration.JobStatusApiTest" tests="6" skipped="0" failures="0" errors="0" timestamp="2026-05-10T04:33:38" hostname="Richards-MacBook-M3-Max.local" time="0.199">
  <properties/>
  <testcase name="progress_message is non-null after pipeline runs()" classname="com.jdbridge.integration.JobStatusApiTest" time="0.012"/>
  <testcase name="error field is null on complete job()" classname="com.jdbridge.integration.JobStatusApiTest" time="0.066"/>
  <testcase name="artifacts field is null when status is not complete()" classname="com.jdbridge.integration.JobStatusApiTest" time="0.009"/>
  <testcase name="GET queued job returns status queued and no artifacts()" classname="com.jdbridge.integration.JobStatusApiTest" time="0.008"/>
  <testcase name="GET complete job has artifacts and fit_score()" classname="com.jdbridge.integration.JobStatusApiTest" time="0.098"/>
  <testcase name="GET unknown job_id returns 404 with detail()" classname="com.jdbridge.integration.JobStatusApiTest" time="0.005"/>
  <system-out><![CDATA[2026-05-09 21:33:38 [INFO] com.jdbridge.Store: Store initialised at /var/folders/0r/rr97q87j4pn7ppz6_bq78s2c0000gn/T/jd-bridge-test-16428977656195418238/jobs.db
2026-05-09 21:33:38 [INFO] ktor.test: No ktor.deployment.watch patterns specified, automatic reload is not active.
2026-05-09 21:33:38 [INFO] ktor.test: Application started in 0.001 seconds.
2026-05-09 21:33:38 [INFO] ktor.test: Responding at http://localhost:80
2026-05-09 21:33:38 [INFO] ktor.test: Responding at https://localhost:443
2026-05-09 21:33:38 [INFO] com.jdbridge.Store: Store initialised at /var/folders/0r/rr97q87j4pn7ppz6_bq78s2c0000gn/T/jd-bridge-test-16428977656195418238/jobs.db
2026-05-09 21:33:38 [INFO] ktor.test: jd-bridge ready. Artifacts at /var/folders/0r/rr97q87j4pn7ppz6_bq78s2c0000gn/T/jd-bridge-test-16428977656195418238/jobs
2026-05-09 21:33:38 [INFO] com.jdbridge.Routes: Job accepted: 528220c5-ab44-440e-adf2-3c7fe6e0d687 (null @ null)
2026-05-09 21:33:38 [INFO] com.jdbridge.Store: Store initialised at /var/folders/0r/rr97q87j4pn7ppz6_bq78s2c0000gn/T/jd-bridge-test-1718220428885882110/jobs.db
2026-05-09 21:33:38 [INFO] ktor.test: No ktor.deployment.watch patterns specified, automatic reload is not active.
2026-05-09 21:33:38 [INFO] ktor.test: Application started in 0.001 seconds.
2026-05-09 21:33:38 [INFO] ktor.test: Responding at http://localhost:80
2026-05-09 21:33:38 [INFO] ktor.test: Responding at https://localhost:443
2026-05-09 21:33:38 [INFO] com.jdbridge.Store: Store initialised at /var/folders/0r/rr97q87j4pn7ppz6_bq78s2c0000gn/T/jd-bridge-test-1718220428885882110/jobs.db
2026-05-09 21:33:38 [INFO] ktor.test: jd-bridge ready. Artifacts at /var/folders/0r/rr97q87j4pn7ppz6_bq78s2c0000gn/T/jd-bridge-test-1718220428885882110/jobs
2026-05-09 21:33:38 [INFO] com.jdbridge.Routes: Job accepted: 9ffb61ef-dd98-4ab3-9897-4488d5395d7b (null @ null)
2026-05-09 21:33:38 [INFO] com.jdbridge.Store: Store initialised at /var/folders/0r/rr97q87j4pn7ppz6_bq78s2c0000gn/T/jd-bridge-test-13086716811632950141/jobs.db
2026-05-09 21:33:38 [INFO] ktor.test: No ktor.deployment.watch patterns specified, automatic reload is not active.
2026-05-09 21:33:38 [INFO] ktor.test: Application started in 0.0 seconds.
2026-05-09 21:33:38 [INFO] ktor.test: Responding at http://localhost:80
2026-05-09 21:33:38 [INFO] ktor.test: Responding at https://localhost:443
2026-05-09 21:33:38 [INFO] com.jdbridge.Store: Store initialised at /var/folders/0r/rr97q87j4pn7ppz6_bq78s2c0000gn/T/jd-bridge-test-13086716811632950141/jobs.db
2026-05-09 21:33:38 [INFO] ktor.test: jd-bridge ready. Artifacts at /var/folders/0r/rr97q87j4pn7ppz6_bq78s2c0000gn/T/jd-bridge-test-13086716811632950141/jobs
2026-05-09 21:33:38 [INFO] com.jdbridge.Store: Store initialised at /var/folders/0r/rr97q87j4pn7ppz6_bq78s2c0000gn/T/jd-bridge-test-13282943084257912471/jobs.db
2026-05-09 21:33:38 [INFO] ktor.test: No ktor.deployment.watch patterns specified, automatic reload is not active.
2026-05-09 21:33:38 [INFO] ktor.test: Application started in 0.0 seconds.
2026-05-09 21:33:38 [INFO] ktor.test: Responding at http://localhost:80
2026-05-09 21:33:38 [INFO] ktor.test: Responding at https://localhost:443
2026-05-09 21:33:38 [INFO] com.jdbridge.Store: Store initialised at /var/folders/0r/rr97q87j4pn7ppz6_bq78s2c0000gn/T/jd-bridge-test-13282943084257912471/jobs.db
2026-05-09 21:33:38 [INFO] ktor.test: jd-bridge ready. Artifacts at /var/folders/0r/rr97q87j4pn7ppz6_bq78s2c0000gn/T/jd-bridge-test-13282943084257912471/jobs
2026-05-09 21:33:38 [INFO] com.jdbridge.Routes: Job accepted: 6b7afddd-494d-46e8-825e-d73265eea7ee (null @ null)
2026-05-09 21:33:38 [INFO] com.jdbridge.Store: Store initialised at /var/folders/0r/rr97q87j4pn7ppz6_bq78s2c0000gn/T/jd-bridge-test-12644577052481063679/jobs.db
2026-05-09 21:33:38 [INFO] ktor.test: No ktor.deployment.watch patterns specified, automatic reload is not active.
2026-05-09 21:33:38 [INFO] ktor.test: Application started in 0.0 seconds.
2026-05-09 21:33:38 [INFO] ktor.test: Responding at http://localhost:80
2026-05-09 21:33:38 [INFO] ktor.test: Responding at https://localhost:443
2026-05-09 21:33:38 [INFO] com.jdbridge.Store: Store initialised at /var/folders/0r/rr97q87j4pn7ppz6_bq78s2c0000gn/T/jd-bridge-test-12644577052481063679/jobs.db
2026-05-09 21:33:38 [INFO] ktor.test: jd-bridge ready. Artifacts at /var/folders/0r/rr97q87j4pn7ppz6_bq78s2c0000gn/T/jd-bridge-test-12644577052481063679/jobs
2026-05-09 21:33:38 [INFO] com.jdbridge.Routes: Job accepted: 64432556-b808-4bc3-90ff-011617c34c70 (null @ null)
2026-05-09 21:33:38 [INFO] com.jdbridge.Store: Store initialised at /var/folders/0r/rr97q87j4pn7ppz6_bq78s2c0000gn/T/jd-bridge-test-12156043273621660807/jobs.db
2026-05-09 21:33:38 [INFO] ktor.test: No ktor.deployment.watch patterns specified, automatic reload is not active.
2026-05-09 21:33:39 [INFO] ktor.test: Application started in 0.001 seconds.
2026-05-09 21:33:39 [INFO] ktor.test: Responding at http://localhost:80
2026-05-09 21:33:39 [INFO] ktor.test: Responding at https://localhost:443
2026-05-09 21:33:39 [INFO] com.jdbridge.Store: Store initialised at /var/folders/0r/rr97q87j4pn7ppz6_bq78s2c0000gn/T/jd-bridge-test-12156043273621660807/jobs.db
2026-05-09 21:33:39 [INFO] ktor.test: jd-bridge ready. Artifacts at /var/folders/0r/rr97q87j4pn7ppz6_bq78s2c0000gn/T/jd-bridge-test-12156043273621660807/jobs
]]></system-out>
  <system-err><![CDATA[]]></system-err>
</testsuite>
