<?xml version="1.0" encoding="UTF-8"?>
<testsuite name="com.jdbridge.integration.ArtifactApiTest" tests="6" skipped="0" failures="0" errors="0" timestamp="2026-05-10T04:33:38" hostname="Richards-MacBook-M3-Max.local" time="0.056">
  <properties/>
  <testcase name="GET cover_letter when file missing returns 404 with detail()" classname="com.jdbridge.integration.ArtifactApiTest" time="0.014"/>
  <testcase name="Content-Disposition on cover letter includes filename()" classname="com.jdbridge.integration.ArtifactApiTest" time="0.011"/>
  <testcase name="GET resume_pdf when file exists returns 200 and PDF bytes()" classname="com.jdbridge.integration.ArtifactApiTest" time="0.008"/>
  <testcase name="GET cover_letter when file exists returns 200 and text()" classname="com.jdbridge.integration.ArtifactApiTest" time="0.007"/>
  <testcase name="Content-Disposition on PDF includes filename resume_pdf()" classname="com.jdbridge.integration.ArtifactApiTest" time="0.008"/>
  <testcase name="GET resume_pdf when file missing returns 404 with detail()" classname="com.jdbridge.integration.ArtifactApiTest" time="0.005"/>
  <system-out><![CDATA[2026-05-09 21:33:38 [INFO] com.jdbridge.Store: Store initialised at /var/folders/0r/rr97q87j4pn7ppz6_bq78s2c0000gn/T/jd-bridge-test-14472532349300176475/jobs.db
2026-05-09 21:33:38 [INFO] ktor.test: No ktor.deployment.watch patterns specified, automatic reload is not active.
2026-05-09 21:33:38 [INFO] ktor.test: Application started in 0.001 seconds.
2026-05-09 21:33:38 [INFO] ktor.test: Responding at http://localhost:80
2026-05-09 21:33:38 [INFO] ktor.test: Responding at https://localhost:443
2026-05-09 21:33:38 [INFO] com.jdbridge.Store: Store initialised at /var/folders/0r/rr97q87j4pn7ppz6_bq78s2c0000gn/T/jd-bridge-test-14472532349300176475/jobs.db
2026-05-09 21:33:38 [INFO] ktor.test: jd-bridge ready. Artifacts at /var/folders/0r/rr97q87j4pn7ppz6_bq78s2c0000gn/T/jd-bridge-test-14472532349300176475/jobs
2026-05-09 21:33:38 [INFO] com.jdbridge.Store: Store initialised at /var/folders/0r/rr97q87j4pn7ppz6_bq78s2c0000gn/T/jd-bridge-test-6497539446404582004/jobs.db
2026-05-09 21:33:38 [INFO] ktor.test: No ktor.deployment.watch patterns specified, automatic reload is not active.
2026-05-09 21:33:38 [INFO] ktor.test: Application started in 0.001 seconds.
2026-05-09 21:33:38 [INFO] ktor.test: Responding at http://localhost:80
2026-05-09 21:33:38 [INFO] ktor.test: Responding at https://localhost:443
2026-05-09 21:33:38 [INFO] com.jdbridge.Store: Store initialised at /var/folders/0r/rr97q87j4pn7ppz6_bq78s2c0000gn/T/jd-bridge-test-6497539446404582004/jobs.db
2026-05-09 21:33:38 [INFO] ktor.test: jd-bridge ready. Artifacts at /var/folders/0r/rr97q87j4pn7ppz6_bq78s2c0000gn/T/jd-bridge-test-6497539446404582004/jobs
2026-05-09 21:33:38 [INFO] com.jdbridge.Store: Store initialised at /var/folders/0r/rr97q87j4pn7ppz6_bq78s2c0000gn/T/jd-bridge-test-12887287015622428631/jobs.db
2026-05-09 21:33:38 [INFO] ktor.test: No ktor.deployment.watch patterns specified, automatic reload is not active.
2026-05-09 21:33:38 [INFO] ktor.test: Application started in 0.002 seconds.
2026-05-09 21:33:38 [INFO] ktor.test: Responding at http://localhost:80
2026-05-09 21:33:38 [INFO] ktor.test: Responding at https://localhost:443
2026-05-09 21:33:38 [INFO] com.jdbridge.Store: Store initialised at /var/folders/0r/rr97q87j4pn7ppz6_bq78s2c0000gn/T/jd-bridge-test-12887287015622428631/jobs.db
2026-05-09 21:33:38 [INFO] ktor.test: jd-bridge ready. Artifacts at /var/folders/0r/rr97q87j4pn7ppz6_bq78s2c0000gn/T/jd-bridge-test-12887287015622428631/jobs
2026-05-09 21:33:38 [INFO] com.jdbridge.Store: Store initialised at /var/folders/0r/rr97q87j4pn7ppz6_bq78s2c0000gn/T/jd-bridge-test-5787498678080670772/jobs.db
2026-05-09 21:33:38 [INFO] ktor.test: No ktor.deployment.watch patterns specified, automatic reload is not active.
2026-05-09 21:33:38 [INFO] ktor.test: Application started in 0.001 seconds.
2026-05-09 21:33:38 [INFO] ktor.test: Responding at http://localhost:80
2026-05-09 21:33:38 [INFO] ktor.test: Responding at https://localhost:443
2026-05-09 21:33:38 [INFO] com.jdbridge.Store: Store initialised at /var/folders/0r/rr97q87j4pn7ppz6_bq78s2c0000gn/T/jd-bridge-test-5787498678080670772/jobs.db
2026-05-09 21:33:38 [INFO] ktor.test: jd-bridge ready. Artifacts at /var/folders/0r/rr97q87j4pn7ppz6_bq78s2c0000gn/T/jd-bridge-test-5787498678080670772/jobs
2026-05-09 21:33:38 [INFO] com.jdbridge.Store: Store initialised at /var/folders/0r/rr97q87j4pn7ppz6_bq78s2c0000gn/T/jd-bridge-test-1953991750357988910/jobs.db
2026-05-09 21:33:38 [INFO] ktor.test: No ktor.deployment.watch patterns specified, automatic reload is not active.
2026-05-09 21:33:38 [INFO] ktor.test: Application started in 0.001 seconds.
2026-05-09 21:33:38 [INFO] ktor.test: Responding at http://localhost:80
2026-05-09 21:33:38 [INFO] ktor.test: Responding at https://localhost:443
2026-05-09 21:33:38 [INFO] com.jdbridge.Store: Store initialised at /var/folders/0r/rr97q87j4pn7ppz6_bq78s2c0000gn/T/jd-bridge-test-1953991750357988910/jobs.db
2026-05-09 21:33:38 [INFO] ktor.test: jd-bridge ready. Artifacts at /var/folders/0r/rr97q87j4pn7ppz6_bq78s2c0000gn/T/jd-bridge-test-1953991750357988910/jobs
2026-05-09 21:33:38 [INFO] com.jdbridge.Store: Store initialised at /var/folders/0r/rr97q87j4pn7ppz6_bq78s2c0000gn/T/jd-bridge-test-11444993638278175928/jobs.db
2026-05-09 21:33:38 [INFO] ktor.test: No ktor.deployment.watch patterns specified, automatic reload is not active.
2026-05-09 21:33:38 [INFO] ktor.test: Application started in 0.001 seconds.
2026-05-09 21:33:38 [INFO] ktor.test: Responding at http://localhost:80
2026-05-09 21:33:38 [INFO] ktor.test: Responding at https://localhost:443
2026-05-09 21:33:38 [INFO] com.jdbridge.Store: Store initialised at /var/folders/0r/rr97q87j4pn7ppz6_bq78s2c0000gn/T/jd-bridge-test-11444993638278175928/jobs.db
2026-05-09 21:33:38 [INFO] ktor.test: jd-bridge ready. Artifacts at /var/folders/0r/rr97q87j4pn7ppz6_bq78s2c0000gn/T/jd-bridge-test-11444993638278175928/jobs
]]></system-out>
  <system-err><![CDATA[]]></system-err>
</testsuite>
