<?xml version="1.0" encoding="UTF-8"?>
<testsuite name="com.jdbridge.integration.SubmitJobValidationTest" tests="12" skipped="0" failures="0" errors="0" timestamp="2026-05-10T04:33:39" hostname="Richards-MacBook-M3-Max.local" time="0.073">
  <properties/>
  <testcase name="submit with very long jd_text returns 202()" classname="com.jdbridge.integration.SubmitJobValidationTest" time="0.006"/>
  <testcase name="submit with minimal payload returns 202()" classname="com.jdbridge.integration.SubmitJobValidationTest" time="0.006"/>
  <testcase name="submit with all optional fields returns 202 and stores them()" classname="com.jdbridge.integration.SubmitJobValidationTest" time="0.006"/>
  <testcase name="submit with valid body returns 202 and UUID job_id()" classname="com.jdbridge.integration.SubmitJobValidationTest" time="0.005"/>
  <testcase name="submit with unknown JSON fields returns 400 with strict parsing()" classname="com.jdbridge.integration.SubmitJobValidationTest" time="0.008"/>
  <testcase name="success response Content-Type is application json()" classname="com.jdbridge.integration.SubmitJobValidationTest" time="0.006"/>
  <testcase name="submit with empty jd_text returns 422()" classname="com.jdbridge.integration.SubmitJobValidationTest" time="0.004"/>
  <testcase name="submit missing jd_text returns 400()" classname="com.jdbridge.integration.SubmitJobValidationTest" time="0.004"/>
  <testcase name="submit with exactly 149 char jd_text returns 422()" classname="com.jdbridge.integration.SubmitJobValidationTest" time="0.005"/>
  <testcase name="three sequential submits produce distinct job_ids()" classname="com.jdbridge.integration.SubmitJobValidationTest" time="0.009"/>
  <testcase name="submit with exactly 150 char jd_text returns 202()" classname="com.jdbridge.integration.SubmitJobValidationTest" time="0.006"/>
  <testcase name="submit with malformed JSON returns 400()" classname="com.jdbridge.integration.SubmitJobValidationTest" time="0.005"/>
  <system-out><![CDATA[2026-05-09 21:33:39 [INFO] com.jdbridge.Store: Store initialised at /var/folders/0r/rr97q87j4pn7ppz6_bq78s2c0000gn/T/jd-bridge-test-1765613644618978916/jobs.db
2026-05-09 21:33:39 [INFO] ktor.test: No ktor.deployment.watch patterns specified, automatic reload is not active.
2026-05-09 21:33:39 [INFO] ktor.test: Application started in 0.0 seconds.
2026-05-09 21:33:39 [INFO] ktor.test: Responding at http://localhost:80
2026-05-09 21:33:39 [INFO] ktor.test: Responding at https://localhost:443
2026-05-09 21:33:39 [INFO] com.jdbridge.Store: Store initialised at /var/folders/0r/rr97q87j4pn7ppz6_bq78s2c0000gn/T/jd-bridge-test-1765613644618978916/jobs.db
2026-05-09 21:33:39 [INFO] ktor.test: jd-bridge ready. Artifacts at /var/folders/0r/rr97q87j4pn7ppz6_bq78s2c0000gn/T/jd-bridge-test-1765613644618978916/jobs
2026-05-09 21:33:39 [INFO] com.jdbridge.Routes: Job accepted: 57c736e9-bc89-498a-9b90-1adcc815e62f (null @ null)
2026-05-09 21:33:39 [INFO] com.jdbridge.Store: Store initialised at /var/folders/0r/rr97q87j4pn7ppz6_bq78s2c0000gn/T/jd-bridge-test-9985158495916418377/jobs.db
2026-05-09 21:33:39 [INFO] ktor.test: No ktor.deployment.watch patterns specified, automatic reload is not active.
2026-05-09 21:33:39 [INFO] ktor.test: Application started in 0.0 seconds.
2026-05-09 21:33:39 [INFO] ktor.test: Responding at http://localhost:80
2026-05-09 21:33:39 [INFO] ktor.test: Responding at https://localhost:443
2026-05-09 21:33:39 [INFO] com.jdbridge.Store: Store initialised at /var/folders/0r/rr97q87j4pn7ppz6_bq78s2c0000gn/T/jd-bridge-test-9985158495916418377/jobs.db
2026-05-09 21:33:39 [INFO] ktor.test: jd-bridge ready. Artifacts at /var/folders/0r/rr97q87j4pn7ppz6_bq78s2c0000gn/T/jd-bridge-test-9985158495916418377/jobs
2026-05-09 21:33:39 [INFO] com.jdbridge.Routes: Job accepted: dc5c8269-66bb-4ee1-850c-b7bf20a75868 (null @ null)
2026-05-09 21:33:39 [INFO] com.jdbridge.Store: Store initialised at /var/folders/0r/rr97q87j4pn7ppz6_bq78s2c0000gn/T/jd-bridge-test-9444479685041642596/jobs.db
2026-05-09 21:33:39 [INFO] ktor.test: No ktor.deployment.watch patterns specified, automatic reload is not active.
2026-05-09 21:33:39 [INFO] ktor.test: Application started in 0.001 seconds.
2026-05-09 21:33:39 [INFO] ktor.test: Responding at http://localhost:80
2026-05-09 21:33:39 [INFO] ktor.test: Responding at https://localhost:443
2026-05-09 21:33:39 [INFO] com.jdbridge.Store: Store initialised at /var/folders/0r/rr97q87j4pn7ppz6_bq78s2c0000gn/T/jd-bridge-test-9444479685041642596/jobs.db
2026-05-09 21:33:39 [INFO] ktor.test: jd-bridge ready. Artifacts at /var/folders/0r/rr97q87j4pn7ppz6_bq78s2c0000gn/T/jd-bridge-test-9444479685041642596/jobs
2026-05-09 21:33:39 [INFO] com.jdbridge.Routes: Job accepted: 5e58b4b4-a69b-4eef-82c5-170889e158a5 (Staff SDET @ Acme Corp)
2026-05-09 21:33:39 [INFO] com.jdbridge.Store: Store initialised at /var/folders/0r/rr97q87j4pn7ppz6_bq78s2c0000gn/T/jd-bridge-test-5188612506913871528/jobs.db
2026-05-09 21:33:39 [INFO] ktor.test: No ktor.deployment.watch patterns specified, automatic reload is not active.
2026-05-09 21:33:39 [INFO] ktor.test: Application started in 0.001 seconds.
2026-05-09 21:33:39 [INFO] ktor.test: Responding at http://localhost:80
2026-05-09 21:33:39 [INFO] ktor.test: Responding at https://localhost:443
2026-05-09 21:33:39 [INFO] com.jdbridge.Store: Store initialised at /var/folders/0r/rr97q87j4pn7ppz6_bq78s2c0000gn/T/jd-bridge-test-5188612506913871528/jobs.db
2026-05-09 21:33:39 [INFO] ktor.test: jd-bridge ready. Artifacts at /var/folders/0r/rr97q87j4pn7ppz6_bq78s2c0000gn/T/jd-bridge-test-5188612506913871528/jobs
2026-05-09 21:33:39 [INFO] com.jdbridge.Routes: Job accepted: 02170228-b0d0-45cb-b74e-d2a4b5607a45 (null @ null)
2026-05-09 21:33:39 [INFO] com.jdbridge.Store: Store initialised at /var/folders/0r/rr97q87j4pn7ppz6_bq78s2c0000gn/T/jd-bridge-test-12431058562468126516/jobs.db
2026-05-09 21:33:39 [INFO] ktor.test: No ktor.deployment.watch patterns specified, automatic reload is not active.
2026-05-09 21:33:39 [INFO] ktor.test: Application started in 0.001 seconds.
2026-05-09 21:33:39 [INFO] ktor.test: Responding at http://localhost:80
2026-05-09 21:33:39 [INFO] ktor.test: Responding at https://localhost:443
2026-05-09 21:33:39 [INFO] com.jdbridge.Store: Store initialised at /var/folders/0r/rr97q87j4pn7ppz6_bq78s2c0000gn/T/jd-bridge-test-12431058562468126516/jobs.db
2026-05-09 21:33:39 [INFO] ktor.test: jd-bridge ready. Artifacts at /var/folders/0r/rr97q87j4pn7ppz6_bq78s2c0000gn/T/jd-bridge-test-12431058562468126516/jobs
2026-05-09 21:33:39 [INFO] com.jdbridge.Store: Store initialised at /var/folders/0r/rr97q87j4pn7ppz6_bq78s2c0000gn/T/jd-bridge-test-4805838585742530673/jobs.db
2026-05-09 21:33:39 [INFO] ktor.test: No ktor.deployment.watch patterns specified, automatic reload is not active.
2026-05-09 21:33:39 [INFO] ktor.test: Application started in 0.0 seconds.
2026-05-09 21:33:39 [INFO] ktor.test: Responding at http://localhost:80
2026-05-09 21:33:39 [INFO] ktor.test: Responding at https://localhost:443
2026-05-09 21:33:39 [INFO] com.jdbridge.Store: Store initialised at /var/folders/0r/rr97q87j4pn7ppz6_bq78s2c0000gn/T/jd-bridge-test-4805838585742530673/jobs.db
2026-05-09 21:33:39 [INFO] ktor.test: jd-bridge ready. Artifacts at /var/folders/0r/rr97q87j4pn7ppz6_bq78s2c0000gn/T/jd-bridge-test-4805838585742530673/jobs
2026-05-09 21:33:39 [INFO] com.jdbridge.Routes: Job accepted: 4cafea3e-c944-4d30-9513-e7c1211ac32e (null @ null)
2026-05-09 21:33:39 [INFO] com.jdbridge.Store: Store initialised at /var/folders/0r/rr97q87j4pn7ppz6_bq78s2c0000gn/T/jd-bridge-test-3981510003129125991/jobs.db
2026-05-09 21:33:39 [INFO] ktor.test: No ktor.deployment.watch patterns specified, automatic reload is not active.
2026-05-09 21:33:39 [INFO] ktor.test: Application started in 0.001 seconds.
2026-05-09 21:33:39 [INFO] ktor.test: Responding at http://localhost:80
2026-05-09 21:33:39 [INFO] ktor.test: Responding at https://localhost:443
2026-05-09 21:33:39 [INFO] com.jdbridge.Store: Store initialised at /var/folders/0r/rr97q87j4pn7ppz6_bq78s2c0000gn/T/jd-bridge-test-3981510003129125991/jobs.db
2026-05-09 21:33:39 [INFO] ktor.test: jd-bridge ready. Artifacts at /var/folders/0r/rr97q87j4pn7ppz6_bq78s2c0000gn/T/jd-bridge-test-3981510003129125991/jobs
2026-05-09 21:33:39 [INFO] com.jdbridge.Store: Store initialised at /var/folders/0r/rr97q87j4pn7ppz6_bq78s2c0000gn/T/jd-bridge-test-634619234551585083/jobs.db
2026-05-09 21:33:39 [INFO] ktor.test: No ktor.deployment.watch patterns specified, automatic reload is not active.
2026-05-09 21:33:39 [INFO] ktor.test: Application started in 0.0 seconds.
2026-05-09 21:33:39 [INFO] ktor.test: Responding at http://localhost:80
2026-05-09 21:33:39 [INFO] ktor.test: Responding at https://localhost:443
2026-05-09 21:33:39 [INFO] com.jdbridge.Store: Store initialised at /var/folders/0r/rr97q87j4pn7ppz6_bq78s2c0000gn/T/jd-bridge-test-634619234551585083/jobs.db
2026-05-09 21:33:39 [INFO] ktor.test: jd-bridge ready. Artifacts at /var/folders/0r/rr97q87j4pn7ppz6_bq78s2c0000gn/T/jd-bridge-test-634619234551585083/jobs
2026-05-09 21:33:39 [INFO] com.jdbridge.Store: Store initialised at /var/folders/0r/rr97q87j4pn7ppz6_bq78s2c0000gn/T/jd-bridge-test-10003871244046915855/jobs.db
2026-05-09 21:33:39 [INFO] ktor.test: No ktor.deployment.watch patterns specified, automatic reload is not active.
2026-05-09 21:33:39 [INFO] ktor.test: Application started in 0.0 seconds.
2026-05-09 21:33:39 [INFO] ktor.test: Responding at http://localhost:80
2026-05-09 21:33:39 [INFO] ktor.test: Responding at https://localhost:443
2026-05-09 21:33:39 [INFO] com.jdbridge.Store: Store initialised at /var/folders/0r/rr97q87j4pn7ppz6_bq78s2c0000gn/T/jd-bridge-test-10003871244046915855/jobs.db
2026-05-09 21:33:39 [INFO] ktor.test: jd-bridge ready. Artifacts at /var/folders/0r/rr97q87j4pn7ppz6_bq78s2c0000gn/T/jd-bridge-test-10003871244046915855/jobs
2026-05-09 21:33:39 [INFO] com.jdbridge.Store: Store initialised at /var/folders/0r/rr97q87j4pn7ppz6_bq78s2c0000gn/T/jd-bridge-test-6345115867084451195/jobs.db
2026-05-09 21:33:39 [INFO] ktor.test: No ktor.deployment.watch patterns specified, automatic reload is not active.
2026-05-09 21:33:39 [INFO] ktor.test: Application started in 0.001 seconds.
2026-05-09 21:33:39 [INFO] ktor.test: Responding at http://localhost:80
2026-05-09 21:33:39 [INFO] ktor.test: Responding at https://localhost:443
2026-05-09 21:33:39 [INFO] com.jdbridge.Store: Store initialised at /var/folders/0r/rr97q87j4pn7ppz6_bq78s2c0000gn/T/jd-bridge-test-6345115867084451195/jobs.db
2026-05-09 21:33:39 [INFO] ktor.test: jd-bridge ready. Artifacts at /var/folders/0r/rr97q87j4pn7ppz6_bq78s2c0000gn/T/jd-bridge-test-6345115867084451195/jobs
2026-05-09 21:33:39 [INFO] com.jdbridge.Routes: Job accepted: fb2d191e-b010-45e5-9155-b6d9b3844b0b (null @ null)
2026-05-09 21:33:39 [INFO] com.jdbridge.Routes: Job accepted: 7e42c65c-c126-4b30-a929-44bf14583888 (null @ null)
2026-05-09 21:33:39 [INFO] com.jdbridge.Routes: Job accepted: 4216bca2-49f0-4523-90e0-ed591529fdc4 (null @ null)
2026-05-09 21:33:39 [INFO] com.jdbridge.Store: Store initialised at /var/folders/0r/rr97q87j4pn7ppz6_bq78s2c0000gn/T/jd-bridge-test-2957778703189347480/jobs.db
2026-05-09 21:33:39 [INFO] ktor.test: No ktor.deployment.watch patterns specified, automatic reload is not active.
2026-05-09 21:33:39 [INFO] ktor.test: Application started in 0.0 seconds.
2026-05-09 21:33:39 [INFO] ktor.test: Responding at http://localhost:80
2026-05-09 21:33:39 [INFO] ktor.test: Responding at https://localhost:443
2026-05-09 21:33:39 [INFO] com.jdbridge.Store: Store initialised at /var/folders/0r/rr97q87j4pn7ppz6_bq78s2c0000gn/T/jd-bridge-test-2957778703189347480/jobs.db
2026-05-09 21:33:39 [INFO] ktor.test: jd-bridge ready. Artifacts at /var/folders/0r/rr97q87j4pn7ppz6_bq78s2c0000gn/T/jd-bridge-test-2957778703189347480/jobs
2026-05-09 21:33:39 [INFO] com.jdbridge.Routes: Job accepted: 90372dac-8f07-4c83-9892-265543311961 (null @ null)
2026-05-09 21:33:39 [INFO] com.jdbridge.Store: Store initialised at /var/folders/0r/rr97q87j4pn7ppz6_bq78s2c0000gn/T/jd-bridge-test-4118063552056164693/jobs.db
2026-05-09 21:33:39 [INFO] ktor.test: No ktor.deployment.watch patterns specified, automatic reload is not active.
2026-05-09 21:33:39 [INFO] ktor.test: Application started in 0.001 seconds.
2026-05-09 21:33:39 [INFO] ktor.test: Responding at http://localhost:80
2026-05-09 21:33:39 [INFO] ktor.test: Responding at https://localhost:443
]]></system-out>
  <system-err><![CDATA[]]></system-err>
</testsuite>
